<?xml version="1.0" encoding="UTF-8"?>
<coverage generated="1773861280197" clover="3.2.0">
  <project timestamp="1773861280198" name="All files">
    <metrics statements="12" coveredstatements="12" conditionals="4" coveredconditionals="3" methods="4" coveredmethods="4" elements="20" coveredelements="19" complexity="0" loc="12" ncloc="12" packages="1" files="2" classes="2"/>
    <file name="ModuloBase.ts" path="C:\Users\HP\Desktop\mi-proyecto-ts\src\ModuloBase.ts">
      <metrics statements="7" coveredstatements="7" conditionals="2" coveredconditionals="1" methods="2" coveredmethods="2"/>
      <line num="3" count="1" type="stmt"/>
      <line num="5" count="4" type="stmt"/>
      <line num="8" count="4" type="stmt"/>
      <line num="9" count="4" type="stmt"/>
      <line num="13" count="2" type="stmt"/>
      <line num="14" count="2" type="cond" truecount="1" falsecount="1"/>
      <line num="18" count="4" type="stmt"/>
    </file>
    <file name="ModuloOxigeno.ts" path="C:\Users\HP\Desktop\mi-proyecto-ts\src\ModuloOxigeno.ts">
      <metrics statements="5" coveredstatements="5" conditionals="2" coveredconditionals="2" methods="2" coveredmethods="2"/>
      <line num="1" count="1" type="stmt"/>
      <line num="3" count="1" type="stmt"/>
      <line num="4" count="4" type="stmt"/>
      <line num="5" count="4" type="stmt"/>
      <line num="10" count="3" type="cond" truecount="2" falsecount="0"/>
    </file>
  </project>
</coverage>
