{"C:\\Users\\HP\\Desktop\\mi-proyecto-ts\\src\\ModuloBase.ts": {"path":"C:\\Users\\HP\\Desktop\\mi-proyecto-ts\\src\\ModuloBase.ts","statementMap":{"0":{"start":{"line":8,"column":15},"end":{"line":8,"column":29}},"1":{"start":{"line":9,"column":24},"end":{"line":9,"column":46}},"2":{"start":{"line":5,"column":12},"end":{"line":5,"column":37}},"3":{"start":{"line":13,"column":8},"end":{"line":13,"column":33}},"4":{"start":{"line":14,"column":8},"end":{"line":14,"column":53}},"5":{"start":{"line":14,"column":33},"end":{"line":14,"column":53}},"6":{"start":{"line":18,"column":8},"end":{"line":18,"column":31}},"7":{"start":{"line":3,"column":0},"end":{"line":3,"column":22}}},"fnMap":{"0":{"name":"(anonymous_1)","decl":{"start":{"line":12,"column":11},"end":{"line":12,"column":25}},"loc":{"start":{"line":12,"column":39},"end":{"line":15,"column":5}}},"1":{"name":"(anonymous_2)","decl":{"start":{"line":17,"column":11},"end":{"line":17,"column":24}},"loc":{"start":{"line":17,"column":24},"end":{"line":19,"column":5}}}},"branchMap":{"0":{"loc":{"start":{"line":14,"column":8},"end":{"line":14,"column":53}},"type":"if","locations":[{"start":{"line":14,"column":8},"end":{"line":14,"column":53}},{"start":{},"end":{}}]}},"s":{"0":4,"1":4,"2":4,"3":2,"4":2,"5":0,"6":4,"7":1},"f":{"0":2,"1":4},"b":{"0":[0,2]}}
,"C:\\Users\\HP\\Desktop\\mi-proyecto-ts\\src\\ModuloOxigeno.ts": {"path":"C:\\Users\\HP\\Desktop\\mi-proyecto-ts\\src\\ModuloOxigeno.ts","statementMap":{"0":{"start":{"line":1,"column":0},"end":{"line":1,"column":42}},"1":{"start":{"line":5,"column":8},"end":{"line":5,"column":26}},"2":{"start":{"line":4,"column":39},"end":{"line":4,"column":59}},"3":{"start":{"line":10,"column":8},"end":{"line":10,"column":66}},"4":{"start":{"line":3,"column":0},"end":{"line":3,"column":13}}},"fnMap":{"0":{"name":"(anonymous_0)","decl":{"start":{"line":4,"column":4},"end":{"line":4,"column":16}},"loc":{"start":{"line":4,"column":59},"end":{"line":6,"column":5}}},"1":{"name":"(anonymous_1)","decl":{"start":{"line":9,"column":4},"end":{"line":9,"column":12}},"loc":{"start":{"line":9,"column":12},"end":{"line":11,"column":5}}}},"branchMap":{"0":{"loc":{"start":{"line":10,"column":15},"end":{"line":10,"column":65}},"type":"binary-expr","locations":[{"start":{"line":10,"column":15},"end":{"line":10,"column":40}},{"start":{"line":10,"column":44},"end":{"line":10,"column":65}}]}},"s":{"0":1,"1":4,"2":4,"3":3,"4":1},"f":{"0":4,"1":3},"b":{"0":[3,2]}}
}
